<?xml version="1.0" encoding="UTF-8"?>
<!-- Generated by org.testng.reporters.JUnitXMLReporter -->
<testsuite ignored="0" hostname="My-Adda.local" failures="1" tests="3" name="Test" time="0.045" errors="0" timestamp="2024-02-13T13:19:31 IST">
  <testcase classname="testListner.TestListner" name="testMethod1" time="0.006"/>
  <testcase classname="testListner.TestListner" name="testMethod2" time="0.001"/>
  <testcase classname="testListner.TestListner" name="testMethod3" time="0.001">
    <failure type="java.lang.AssertionError" message="expected [true] but found [false]">
      <![CDATA[java.lang.AssertionError: expected [true] but found [false]
at testListner.TestListner.testMethod3(TestListner.java:23)
at java.base/java.util.ArrayList.forEach(ArrayList.java:1511)
... Removed 31 stack frames]]>
    </failure>
  </testcase> <!-- testMethod3 -->
</testsuite> <!-- Test -->
